<?xml version="1.0" encoding="UTF-8" ?>
<testsuite tests="10" failures="0" name="MainTest" time="0.075" errors="0" skipped="0">
  <properties>
[...]
</properties>
  <testcase classname="MainTest" name="setPelouseData_SUCCESS_Test" time="0"/>
  <testcase classname="MainTest" name="setPelouseData_failed_path_Test" time="0.001"/>
  <testcase classname="MainTest" name="navigateTondeuse_Failed_Orientation_Test" time="0"/>
  <testcase classname="MainTest" name="navigateTondeuse_change_orientation_Test" time="0"/>
  <testcase classname="MainTest" name="setPelouseData_failed_path_not_found_Test" time="0"/>
  <testcase classname="MainTest" name="main_Test" time="0.069"/>
  <testcase classname="MainTest" name="navigateTondeuse_Avance_Check_Over_Limit_Test" time="0"/>
  <testcase classname="MainTest" name="setPelouseData_failed_pos_y_Test" time="0.003"/>
  <testcase classname="MainTest" name="navigateTondeuse_change_orientation_Avance_Test" time="0"/>
  <testcase classname="MainTest" name="setPelouseData_failed_orientation_Test" time="0.002"/>
</testsuite>